<?xml version="1.0" encoding="UTF-8"?>
<!-- Generated by org.testng.reporters.JUnitXMLReporter -->
<testsuite ignored="0" hostname="LAPTOP-LG4K5LS5" failures="0" tests="3" name="Test" time="0.081" errors="0" timestamp="2021-12-28T23:51:19 IST">
  <testcase classname="AaaTestNG.FirstPgm" name="login" time="0.013"/>
  <testcase classname="AaaTestNG.FirstPgm" name="openApplication" time="0.002"/>
  <testcase classname="AaaTestNG.FirstPgm" name="selectItem" time="0.001"/>
</testsuite> <!-- Test -->
