<?xml version="1.0" encoding="UTF-8"?>
<testng-results ignored="0" total="1" passed="1" failed="0" skipped="0">
  <reporter-output>
  </reporter-output>
  <suite started-at="2021-12-30T14:03:44 IST" name="Default suite" finished-at="2021-12-30T14:03:48 IST" duration-ms="3727">
    <groups>
    </groups>
    <test started-at="2021-12-30T14:03:44 IST" name="Default test" finished-at="2021-12-30T14:03:48 IST" duration-ms="3727">
      <class name="AaaTestNG.TakeScreenshotSave">
        <test-method signature="testScreenShot()[pri:0, instance:AaaTestNG.TakeScreenshotSave@7ce3cb8e]" started-at="2021-12-30T14:03:44 IST" name="testScreenShot" finished-at="2021-12-30T14:03:48 IST" duration-ms="3658" status="PASS">
          <reporter-output>
          </reporter-output>
        </test-method> <!-- testScreenShot -->
      </class> <!-- AaaTestNG.TakeScreenshotSave -->
    </test> <!-- Default test -->
  </suite> <!-- Default suite -->
</testng-results>
